<?xml version="1.0" encoding="UTF-8"?>
<!-- Generated by org.testng.reporters.JUnitReportReporter -->
<testsuite skipped="0" hostname="Marufs-MacBook-Pro.local" name="com.blind.test.SmokeTest" tests="1" failures="0" timestamp="25 Jul 2018 04:48:45 GMT" time="17.234" errors="0">
  <testcase name="SearchTest" time="17.234" classname="com.blind.test.SmokeTest"/>
</testsuite> <!-- com.blind.test.SmokeTest -->
