<?xml version="1.0" encoding="UTF-8"?>
<!-- Generated by org.testng.reporters.JUnitReportReporter -->
<testsuite skipped="0" hostname="Mohammads-MBP.attlocal.net" name="com.blind.common.TestBase" tests="1" failures="0" timestamp="22 Jul 2018 07:01:53 GMT" time="4.373" errors="0">
  <testcase name="browserInitialization" time="4.373" classname="com.blind.common.TestBase"/>
</testsuite> <!-- com.blind.common.TestBase -->
